{"level":"info","message":"Mongo db connected host is localhost","timestamp":"2026-02-23T11:43:58.526Z"}
{"level":"info","message":"Server running on port 3000","timestamp":"2026-02-23T11:43:58.538Z"}
{"level":"info","message":"Mongo db connected host is localhost","timestamp":"2026-02-23T11:44:17.914Z"}
{"level":"info","message":"Server running on port 3000","timestamp":"2026-02-23T11:44:17.924Z"}
{"level":"info","message":"Mongo db connected host is localhost","timestamp":"2026-02-23T15:41:32.092Z"}
{"level":"info","message":"Server running on port 3000","timestamp":"2026-02-23T15:41:32.096Z"}
{"level":"info","message":"Mongo db connected host is localhost","timestamp":"2026-02-23T15:47:06.668Z"}
{"level":"info","message":"Server running on port 3000","timestamp":"2026-02-23T15:47:06.672Z"}
{"level":"info","message":"Mongo db connected host is localhost","timestamp":"2026-02-23T15:47:37.872Z"}
{"level":"info","message":"Server running on port 3000","timestamp":"2026-02-23T15:47:37.876Z"}
{"level":"info","message":"Mongo db connected host is localhost","timestamp":"2026-02-23T15:48:37.729Z"}
{"level":"info","message":"Server running on port 3000","timestamp":"2026-02-23T15:48:37.733Z"}
{"level":"info","message":"Mongo db connected host is localhost","timestamp":"2026-02-23T15:49:57.766Z"}
{"level":"info","message":"Server running on port 3000","timestamp":"2026-02-23T15:49:57.770Z"}
{"level":"info","message":"Mongo db connected host is localhost","timestamp":"2026-02-23T15:50:04.516Z"}
{"level":"info","message":"Server running on port 3000","timestamp":"2026-02-23T15:50:04.519Z"}
{"level":"info","message":"Mongo db connected host is localhost","timestamp":"2026-02-23T15:50:47.054Z"}
{"level":"info","message":"Server running on port 3000","timestamp":"2026-02-23T15:50:47.058Z"}
{"level":"info","message":"::1 - - [23/Feb/2026:15:52:45 +0000] \"GET /api HTTP/1.1\" 404 142 \"-\" \"PostmanRuntime/7.51.1\"","timestamp":"2026-02-23T15:52:45.177Z"}
{"level":"info","message":"::1 - - [23/Feb/2026:15:54:10 +0000] \"POST /api HTTP/1.1\" 404 143 \"-\" \"PostmanRuntime/7.51.1\"","timestamp":"2026-02-23T15:54:10.239Z"}
{"level":"info","message":"Mongo db connected host is localhost","timestamp":"2026-02-23T15:56:46.969Z"}
{"level":"info","message":"Server running on port 3000","timestamp":"2026-02-23T15:56:46.973Z"}
{"level":"info","message":"::1 - - [23/Feb/2026:15:56:49 +0000] \"POST /api/orgs HTTP/1.1\" 404 148 \"-\" \"PostmanRuntime/7.51.1\"","timestamp":"2026-02-23T15:56:49.952Z"}
{"level":"info","message":"Mongo db connected host is localhost","timestamp":"2026-02-23T15:57:45.843Z"}
{"level":"info","message":"Server running on port 3000","timestamp":"2026-02-23T15:57:45.848Z"}
{"level":"info","message":"Mongo db connected host is localhost","timestamp":"2026-02-23T15:59:52.261Z"}
{"level":"info","message":"Server running on port 3000","timestamp":"2026-02-23T15:59:52.265Z"}
{"level":"info","message":"::1 - - [23/Feb/2026:16:00:45 +0000] \"POST /api/orgs HTTP/1.1\" 200 222 \"-\" \"PostmanRuntime/7.51.1\"","timestamp":"2026-02-23T16:00:45.859Z"}
{"level":"info","message":"::1 - - [23/Feb/2026:16:02:16 +0000] \"POST /api/orgs HTTP/1.1\" 200 222 \"-\" \"PostmanRuntime/7.51.1\"","timestamp":"2026-02-23T16:02:16.200Z"}
{"level":"info","message":"::1 - - [23/Feb/2026:16:03:08 +0000] \"POST /api/orgs HTTP/1.1\" 500 128 \"-\" \"PostmanRuntime/7.51.1\"","timestamp":"2026-02-23T16:03:08.692Z"}
{"level":"info","message":"::1 - - [23/Feb/2026:16:04:00 +0000] \"POST /api/orgs HTTP/1.1\" 200 238 \"-\" \"PostmanRuntime/7.51.1\"","timestamp":"2026-02-23T16:04:00.255Z"}
{"level":"info","message":"::1 - - [23/Feb/2026:16:04:19 +0000] \"GET /api/orgs HTTP/1.1\" 200 630 \"-\" \"PostmanRuntime/7.51.1\"","timestamp":"2026-02-23T16:04:19.416Z"}
{"level":"info","message":"::1 - - [23/Feb/2026:16:04:50 +0000] \"GET /api/699c79ad47107de45b6020b4 HTTP/1.1\" 404 167 \"-\" \"PostmanRuntime/7.51.1\"","timestamp":"2026-02-23T16:04:50.671Z"}
{"level":"info","message":"::1 - - [23/Feb/2026:16:05:04 +0000] \"GET /api/orgs/699c79ad47107de45b6020b4 HTTP/1.1\" 200 222 \"-\" \"PostmanRuntime/7.51.1\"","timestamp":"2026-02-23T16:05:04.793Z"}
{"level":"info","message":"::1 - - [23/Feb/2026:16:08:15 +0000] \"PUT /api/orgs/699c79ad47107de45b6020b4 HTTP/1.1\" 200 230 \"-\" \"PostmanRuntime/7.51.1\"","timestamp":"2026-02-23T16:08:15.954Z"}
{"level":"info","message":"::1 - - [23/Feb/2026:16:08:32 +0000] \"DELETE /api/orgs/699c79ad47107de45b6020b4 HTTP/1.1\" 200 75 \"-\" \"PostmanRuntime/7.51.1\"","timestamp":"2026-02-23T16:08:32.608Z"}
{"level":"info","message":"::1 - - [23/Feb/2026:16:20:14 +0000] \"POST /api/orgs HTTP/1.1\" 200 222 \"-\" \"PostmanRuntime/7.51.1\"","timestamp":"2026-02-23T16:20:14.615Z"}
{"level":"info","message":"::1 - - [23/Feb/2026:16:20:43 +0000] \"GET /api/orgs HTTP/1.1\" 200 630 \"-\" \"PostmanRuntime/7.51.1\"","timestamp":"2026-02-23T16:20:43.865Z"}
{"level":"info","message":"::1 - - [23/Feb/2026:16:21:09 +0000] \"GET /api/orgs/699c7a7047107de45b6020b9 HTTP/1.1\" 200 238 \"-\" \"PostmanRuntime/7.51.1\"","timestamp":"2026-02-23T16:21:09.284Z"}
{"level":"info","message":"::1 - - [23/Feb/2026:16:21:22 +0000] \"GET /api/orgs HTTP/1.1\" 200 630 \"-\" \"PostmanRuntime/7.51.1\"","timestamp":"2026-02-23T16:21:22.252Z"}
{"level":"info","message":"::1 - - [23/Feb/2026:16:21:36 +0000] \"DELETE /api/orgs/699c7a0847107de45b6020b6 HTTP/1.1\" 200 75 \"-\" \"PostmanRuntime/7.51.1\"","timestamp":"2026-02-23T16:21:36.659Z"}
{"level":"info","message":"::1 - - [23/Feb/2026:16:21:49 +0000] \"GET /api/orgs HTTP/1.1\" 200 435 \"-\" \"PostmanRuntime/7.51.1\"","timestamp":"2026-02-23T16:21:49.702Z"}
{"level":"info","message":"Mongo db connected host is localhost","timestamp":"2026-02-23T17:01:06.893Z"}
{"level":"info","message":"Server running on port 3000","timestamp":"2026-02-23T17:01:06.903Z"}
{"level":"info","message":"Mongo db connected host is localhost","timestamp":"2026-02-24T08:26:21.199Z"}
{"level":"info","message":"Server running on port 3000","timestamp":"2026-02-24T08:26:21.207Z"}
{"level":"info","message":"Mongo db connected host is localhost","timestamp":"2026-02-24T08:33:32.750Z"}
{"level":"info","message":"Server running on port 3000","timestamp":"2026-02-24T08:33:32.761Z"}
{"level":"info","message":"Mongo db connected host is localhost","timestamp":"2026-02-24T08:34:00.358Z"}
{"level":"info","message":"Server running on port 3000","timestamp":"2026-02-24T08:34:00.371Z"}
{"level":"info","message":"Mongo db connected host is localhost","timestamp":"2026-02-24T08:36:26.234Z"}
{"level":"info","message":"Server running on port 3000","timestamp":"2026-02-24T08:36:26.248Z"}
{"level":"info","message":"::1 - - [24/Feb/2026:08:40:30 +0000] \"POST /api/org-mem HTTP/1.1\" 200 410 \"-\" \"PostmanRuntime/7.51.1\"","timestamp":"2026-02-24T08:40:30.165Z"}
{"level":"info","message":"::1 - - [24/Feb/2026:08:41:21 +0000] \"GET /api/org-mem HTTP/1.1\" 200 519 \"-\" \"PostmanRuntime/7.51.1\"","timestamp":"2026-02-24T08:41:21.485Z"}
{"level":"info","message":"::1 - - [24/Feb/2026:08:43:42 +0000] \"POST /api/org-mem HTTP/1.1\" 500 137 \"-\" \"PostmanRuntime/7.51.1\"","timestamp":"2026-02-24T08:43:42.810Z"}
{"level":"info","message":"Mongo db connected host is localhost","timestamp":"2026-02-24T08:45:05.592Z"}
{"level":"info","message":"Server running on port 3000","timestamp":"2026-02-24T08:45:05.604Z"}
{"level":"info","message":"::1 - - [24/Feb/2026:08:45:13 +0000] \"POST /api/org-mem HTTP/1.1\" 500 137 \"-\" \"PostmanRuntime/7.51.1\"","timestamp":"2026-02-24T08:45:13.864Z"}
{"level":"info","message":"Mongo db connected host is localhost","timestamp":"2026-02-24T08:49:52.257Z"}
{"level":"info","message":"Server running on port 3000","timestamp":"2026-02-24T08:49:52.270Z"}
{"level":"info","message":"::1 - - [24/Feb/2026:08:50:29 +0000] \"POST /api/org-mem HTTP/1.1\" 200 410 \"-\" \"PostmanRuntime/7.51.1\"","timestamp":"2026-02-24T08:50:29.540Z"}
{"level":"info","message":"::1 - - [24/Feb/2026:08:51:54 +0000] \"PUT /api/org-mem/699d6655ccd0b0a19c7814e2 HTTP/1.1\" 200 410 \"-\" \"PostmanRuntime/7.51.1\"","timestamp":"2026-02-24T08:51:54.823Z"}
{"level":"info","message":"Mongo db connected host is localhost","timestamp":"2026-02-24T08:58:32.316Z"}
{"level":"info","message":"Server running on port 3000","timestamp":"2026-02-24T08:58:32.325Z"}
{"level":"info","message":"Mongo db connected host is localhost","timestamp":"2026-02-24T09:00:22.711Z"}
{"level":"info","message":"Server running on port 3000","timestamp":"2026-02-24T09:00:22.720Z"}
{"level":"info","message":"Mongo db connected host is localhost","timestamp":"2026-02-24T09:01:13.765Z"}
{"level":"info","message":"Server running on port 3000","timestamp":"2026-02-24T09:01:13.777Z"}
{"level":"info","message":"Mongo db connected host is localhost","timestamp":"2026-02-24T09:02:31.239Z"}
{"level":"info","message":"Server running on port 3000","timestamp":"2026-02-24T09:02:31.252Z"}
{"level":"info","message":"Mongo db connected host is localhost","timestamp":"2026-02-24T09:11:05.812Z"}
{"level":"info","message":"Server running on port 3000","timestamp":"2026-02-24T09:11:05.821Z"}
{"level":"info","message":"Mongo db connected host is localhost","timestamp":"2026-02-24T09:13:09.491Z"}
{"level":"info","message":"Server running on port 3000","timestamp":"2026-02-24T09:13:09.505Z"}
{"level":"info","message":"Mongo db connected host is localhost","timestamp":"2026-02-24T09:30:06.052Z"}
{"level":"info","message":"Server running on port 3000","timestamp":"2026-02-24T09:30:06.056Z"}
{"level":"info","message":"Mongo db connected host is localhost","timestamp":"2026-02-24T09:30:54.735Z"}
{"level":"info","message":"Server running on port 3000","timestamp":"2026-02-24T09:30:54.748Z"}
{"level":"info","message":"Mongo db connected host is localhost","timestamp":"2026-02-24T09:33:48.621Z"}
{"level":"info","message":"Server running on port 3000","timestamp":"2026-02-24T09:33:48.625Z"}
{"level":"info","message":"Mongo db connected host is localhost","timestamp":"2026-02-24T09:34:16.889Z"}
{"level":"info","message":"Server running on port 3000","timestamp":"2026-02-24T09:34:16.894Z"}
{"level":"info","message":"Mongo db connected host is localhost","timestamp":"2026-02-24T09:43:35.776Z"}
{"level":"info","message":"Server running on port 3000","timestamp":"2026-02-24T09:43:35.780Z"}
{"level":"info","message":"Mongo db connected host is localhost","timestamp":"2026-02-24T09:45:07.703Z"}
{"level":"info","message":"Server running on port 3000","timestamp":"2026-02-24T09:45:07.707Z"}
{"level":"info","message":"Mongo db connected host is localhost","timestamp":"2026-02-24T09:48:24.173Z"}
{"level":"info","message":"Server running on port 3000","timestamp":"2026-02-24T09:48:24.177Z"}
{"level":"info","message":"Mongo db connected host is localhost","timestamp":"2026-02-24T09:51:41.524Z"}
{"level":"info","message":"Server running on port 3000","timestamp":"2026-02-24T09:51:41.529Z"}
{"level":"info","message":"Mongo db connected host is localhost","timestamp":"2026-02-24T09:52:04.859Z"}
{"level":"info","message":"Server running on port 3000","timestamp":"2026-02-24T09:52:04.905Z"}
{"level":"info","message":"Mongo db connected host is localhost","timestamp":"2026-02-24T09:55:13.993Z"}
{"level":"info","message":"Server running on port 3000","timestamp":"2026-02-24T09:55:13.998Z"}
{"level":"info","message":"Mongo db connected host is localhost","timestamp":"2026-02-24T10:03:13.939Z"}
{"level":"info","message":"Server running on port 3000","timestamp":"2026-02-24T10:03:13.943Z"}
{"level":"info","message":"Mongo db connected host is localhost","timestamp":"2026-02-24T10:04:26.212Z"}
{"level":"info","message":"Server running on port 3000","timestamp":"2026-02-24T10:04:26.224Z"}
{"level":"info","message":"Mongo db connected host is localhost","timestamp":"2026-02-24T10:04:35.455Z"}
{"level":"info","message":"Server running on port 3000","timestamp":"2026-02-24T10:04:35.459Z"}
{"level":"info","message":"::1 - - [24/Feb/2026:10:12:25 +0000] \"POST /api/users HTTP/1.1\" 200 587 \"-\" \"PostmanRuntime/7.51.1\"","timestamp":"2026-02-24T10:12:25.706Z"}
{"level":"info","message":"Mongo db connected host is localhost","timestamp":"2026-02-24T10:16:30.793Z"}
{"level":"info","message":"Server running on port 3000","timestamp":"2026-02-24T10:16:30.797Z"}
{"level":"info","message":"Mongo db connected host is localhost","timestamp":"2026-02-24T10:20:14.220Z"}
{"level":"info","message":"Server running on port 3000","timestamp":"2026-02-24T10:20:14.225Z"}
{"level":"info","message":"::1 - - [24/Feb/2026:10:21:01 +0000] \"POST /api/users HTTP/1.1\" 500 224 \"-\" \"PostmanRuntime/7.51.1\"","timestamp":"2026-02-24T10:21:01.975Z"}
{"level":"info","message":"::1 - - [24/Feb/2026:10:21:24 +0000] \"POST /api/users HTTP/1.1\" 200 514 \"-\" \"PostmanRuntime/7.51.1\"","timestamp":"2026-02-24T10:21:24.318Z"}
{"level":"info","message":"::1 - - [24/Feb/2026:10:23:24 +0000] \"POST /api/org-mem HTTP/1.1\" 500 103 \"-\" \"PostmanRuntime/7.51.1\"","timestamp":"2026-02-24T10:23:24.540Z"}
{"level":"info","message":"::1 - - [24/Feb/2026:10:24:20 +0000] \"POST /api/users HTTP/1.1\" 400 49 \"-\" \"PostmanRuntime/7.51.1\"","timestamp":"2026-02-24T10:24:20.444Z"}
{"level":"info","message":"::1 - - [24/Feb/2026:10:26:21 +0000] \"POST /api/users HTTP/1.1\" 200 697 \"-\" \"PostmanRuntime/7.51.1\"","timestamp":"2026-02-24T10:26:21.958Z"}
{"level":"info","message":"Mongo db connected host is localhost","timestamp":"2026-02-24T10:29:33.213Z"}
{"level":"info","message":"Server running on port 3000","timestamp":"2026-02-24T10:29:33.217Z"}
{"level":"info","message":"::1 - - [24/Feb/2026:10:29:38 +0000] \"GET /api/users HTTP/1.1\" 200 1680 \"-\" \"PostmanRuntime/7.51.1\"","timestamp":"2026-02-24T10:29:38.718Z"}
{"level":"info","message":"::1 - - [24/Feb/2026:10:30:23 +0000] \"GET /api/users/699d7ccd94434cf875b68877 HTTP/1.1\" 200 441 \"-\" \"PostmanRuntime/7.51.1\"","timestamp":"2026-02-24T10:30:23.069Z"}
{"level":"info","message":"::1 - - [24/Feb/2026:10:31:31 +0000] \"PUT /api/users/699d7ccd94434cf875b68877 HTTP/1.1\" 200 441 \"-\" \"PostmanRuntime/7.51.1\"","timestamp":"2026-02-24T10:31:31.771Z"}
{"level":"info","message":"::1 - - [24/Feb/2026:10:36:17 +0000] \"POST /api/users HTTP/1.1\" 200 694 \"-\" \"PostmanRuntime/7.51.1\"","timestamp":"2026-02-24T10:36:17.789Z"}
{"level":"info","message":"::1 - - [24/Feb/2026:10:39:16 +0000] \"GET /api/users/699d7ccd94434cf875b68877 HTTP/1.1\" 200 441 \"-\" \"PostmanRuntime/7.51.1\"","timestamp":"2026-02-24T10:39:16.486Z"}
{"level":"info","message":"::1 - - [24/Feb/2026:10:39:56 +0000] \"PUT /api/users/699d7ccd94434cf875b68877 HTTP/1.1\" 200 442 \"-\" \"PostmanRuntime/7.51.1\"","timestamp":"2026-02-24T10:39:56.502Z"}
{"level":"info","message":"Mongo db connected host is localhost","timestamp":"2026-02-24T10:43:13.317Z"}
{"level":"info","message":"Server running on port 3000","timestamp":"2026-02-24T10:43:13.339Z"}
{"level":"info","message":"Mongo db connected host is localhost","timestamp":"2026-02-24T10:45:15.314Z"}
{"level":"info","message":"Server running on port 3000","timestamp":"2026-02-24T10:45:15.332Z"}
